{"D:\\Programacion\\Proyecto React\\Reddit\\src\\adapters\\createAddaptedPublication.ts": {"path":"D:\\Programacion\\Proyecto React\\Reddit\\src\\adapters\\createAddaptedPublication.ts","statementMap":{"0":{"start":{"line":6,"column":42},"end":{"line":18,"column":1}},"1":{"start":{"line":7,"column":44},"end":{"line":15,"column":3}},"2":{"start":{"line":17,"column":2},"end":{"line":17,"column":30}}},"fnMap":{"0":{"name":"(anonymous_0)","decl":{"start":{"line":6,"column":42},"end":{"line":6,"column":43}},"loc":{"start":{"line":6,"column":76},"end":{"line":18,"column":1}},"line":6}},"branchMap":{},"s":{"0":1,"1":1,"2":1},"f":{"0":1},"b":{},"_coverageSchema":"1a1c01bbd47fc00a2c39e90264f33305004495a9","hash":"489861efe0d2bb52ca1373963b8dc99ffa9b348a"}
,"D:\\Programacion\\Proyecto React\\Reddit\\src\\presentation\\components\\cards\\CardPublication.tsx": {"path":"D:\\Programacion\\Proyecto React\\Reddit\\src\\presentation\\components\\cards\\CardPublication.tsx","statementMap":{"0":{"start":{"line":8,"column":31},"end":{"line":49,"column":1}},"1":{"start":{"line":9,"column":26},"end":{"line":10,"column":58}},"2":{"start":{"line":10,"column":4},"end":{"line":10,"column":58}},"3":{"start":{"line":12,"column":2},"end":{"line":48,"column":4}}},"fnMap":{"0":{"name":"(anonymous_0)","decl":{"start":{"line":8,"column":31},"end":{"line":8,"column":32}},"loc":{"start":{"line":8,"column":77},"end":{"line":49,"column":1}},"line":8},"1":{"name":"(anonymous_1)","decl":{"start":{"line":9,"column":26},"end":{"line":9,"column":27}},"loc":{"start":{"line":10,"column":4},"end":{"line":10,"column":58}},"line":10}},"branchMap":{},"s":{"0":1,"1":2,"2":1,"3":2},"f":{"0":2,"1":1},"b":{},"_coverageSchema":"1a1c01bbd47fc00a2c39e90264f33305004495a9","hash":"2bf9b2d3ea04e0a9a0d7fb5a5e4f5bc216e8e340"}
,"D:\\Programacion\\Proyecto React\\Reddit\\src\\presentation\\components\\headers\\HeaderMain.tsx": {"path":"D:\\Programacion\\Proyecto React\\Reddit\\src\\presentation\\components\\headers\\HeaderMain.tsx","statementMap":{"0":{"start":{"line":5,"column":26},"end":{"line":19,"column":1}},"1":{"start":{"line":6,"column":2},"end":{"line":18,"column":4}}},"fnMap":{"0":{"name":"(anonymous_0)","decl":{"start":{"line":5,"column":26},"end":{"line":5,"column":27}},"loc":{"start":{"line":5,"column":32},"end":{"line":19,"column":1}},"line":5}},"branchMap":{},"s":{"0":1,"1":1},"f":{"0":1},"b":{},"_coverageSchema":"1a1c01bbd47fc00a2c39e90264f33305004495a9","hash":"249b39b88b9f76b3b62585f1f95e9fa5d4b3ec8d"}
,"D:\\Programacion\\Proyecto React\\Reddit\\src\\presentation\\components\\loaders\\Loading.tsx": {"path":"D:\\Programacion\\Proyecto React\\Reddit\\src\\presentation\\components\\loaders\\Loading.tsx","statementMap":{"0":{"start":{"line":5,"column":23},"end":{"line":16,"column":1}},"1":{"start":{"line":6,"column":2},"end":{"line":15,"column":4}}},"fnMap":{"0":{"name":"(anonymous_0)","decl":{"start":{"line":5,"column":23},"end":{"line":5,"column":24}},"loc":{"start":{"line":5,"column":29},"end":{"line":16,"column":1}},"line":5}},"branchMap":{},"s":{"0":1,"1":1},"f":{"0":1},"b":{},"_coverageSchema":"1a1c01bbd47fc00a2c39e90264f33305004495a9","hash":"6d96e6b621a397d5b0cb17c935c6515676132841"}
,"D:\\Programacion\\Proyecto React\\Reddit\\src\\presentation\\global\\global.ts": {"path":"D:\\Programacion\\Proyecto React\\Reddit\\src\\presentation\\global\\global.ts","statementMap":{"0":{"start":{"line":1,"column":23},"end":{"line":1,"column":54}},"1":{"start":{"line":3,"column":22},"end":{"line":7,"column":1}}},"fnMap":{},"branchMap":{},"s":{"0":3,"1":3},"f":{},"b":{},"_coverageSchema":"1a1c01bbd47fc00a2c39e90264f33305004495a9","hash":"f093f2daa5422e91187188db4f69e35a96edeb6a"}
,"D:\\Programacion\\Proyecto React\\Reddit\\src\\presentation\\screens\\details\\WebViewScreen.tsx": {"path":"D:\\Programacion\\Proyecto React\\Reddit\\src\\presentation\\screens\\details\\WebViewScreen.tsx","statementMap":{"0":{"start":{"line":4,"column":22},"end":{"line":7,"column":1}},"1":{"start":{"line":5,"column":16},"end":{"line":5,"column":28}},"2":{"start":{"line":6,"column":2},"end":{"line":6,"column":41}}},"fnMap":{"0":{"name":"(anonymous_0)","decl":{"start":{"line":4,"column":22},"end":{"line":4,"column":23}},"loc":{"start":{"line":4,"column":40},"end":{"line":7,"column":1}},"line":4}},"branchMap":{},"s":{"0":1,"1":1,"2":1},"f":{"0":1},"b":{},"_coverageSchema":"1a1c01bbd47fc00a2c39e90264f33305004495a9","hash":"fc445d1edce28903d052a487032657dc48c00c26"}
,"D:\\Programacion\\Proyecto React\\Reddit\\src\\presentation\\screens\\publications\\PublicationScreen.tsx": {"path":"D:\\Programacion\\Proyecto React\\Reddit\\src\\presentation\\screens\\publications\\PublicationScreen.tsx","statementMap":{"0":{"start":{"line":22,"column":26},"end":{"line":56,"column":1}},"1":{"start":{"line":23,"column":17},"end":{"line":23,"column":22}},"2":{"start":{"line":24,"column":62},"end":{"line":26,"column":3}},"3":{"start":{"line":25,"column":25},"end":{"line":25,"column":43}},"4":{"start":{"line":28,"column":19},"end":{"line":28,"column":35}},"5":{"start":{"line":30,"column":2},"end":{"line":36,"column":13}},"6":{"start":{"line":31,"column":24},"end":{"line":33,"column":6}},"7":{"start":{"line":32,"column":6},"end":{"line":32,"column":40}},"8":{"start":{"line":35,"column":4},"end":{"line":35,"column":72}},"9":{"start":{"line":35,"column":17},"end":{"line":35,"column":71}},"10":{"start":{"line":38,"column":2},"end":{"line":55,"column":4}},"11":{"start":{"line":46,"column":40},"end":{"line":46,"column":50}},"12":{"start":{"line":49,"column":14},"end":{"line":49,"column":69}}},"fnMap":{"0":{"name":"(anonymous_0)","decl":{"start":{"line":22,"column":26},"end":{"line":22,"column":27}},"loc":{"start":{"line":22,"column":58},"end":{"line":56,"column":1}},"line":22},"1":{"name":"(anonymous_1)","decl":{"start":{"line":25,"column":4},"end":{"line":25,"column":5}},"loc":{"start":{"line":25,"column":25},"end":{"line":25,"column":43}},"line":25},"2":{"name":"(anonymous_2)","decl":{"start":{"line":30,"column":12},"end":{"line":30,"column":13}},"loc":{"start":{"line":30,"column":18},"end":{"line":36,"column":3}},"line":30},"3":{"name":"(anonymous_3)","decl":{"start":{"line":31,"column":56},"end":{"line":31,"column":57}},"loc":{"start":{"line":31,"column":62},"end":{"line":33,"column":5}},"line":31},"4":{"name":"(anonymous_4)","decl":{"start":{"line":35,"column":11},"end":{"line":35,"column":12}},"loc":{"start":{"line":35,"column":17},"end":{"line":35,"column":71}},"line":35},"5":{"name":"(anonymous_5)","decl":{"start":{"line":46,"column":26},"end":{"line":46,"column":27}},"loc":{"start":{"line":46,"column":40},"end":{"line":46,"column":50}},"line":46},"6":{"name":"(anonymous_6)","decl":{"start":{"line":48,"column":24},"end":{"line":48,"column":25}},"loc":{"start":{"line":49,"column":14},"end":{"line":49,"column":69}},"line":49}},"branchMap":{"0":{"loc":{"start":{"line":40,"column":7},"end":{"line":53,"column":7}},"type":"cond-expr","locations":[{"start":{"line":41,"column":8},"end":{"line":41,"column":19}},{"start":{"line":43,"column":8},"end":{"line":52,"column":24}}],"line":40}},"s":{"0":0,"1":0,"2":0,"3":0,"4":0,"5":0,"6":0,"7":0,"8":0,"9":0,"10":0,"11":0,"12":0},"f":{"0":0,"1":0,"2":0,"3":0,"4":0,"5":0,"6":0},"b":{"0":[0,0]}}
,"D:\\Programacion\\Proyecto React\\Reddit\\src\\presentation\\utils\\convertFormatEpochToLocal.ts": {"path":"D:\\Programacion\\Proyecto React\\Reddit\\src\\presentation\\utils\\convertFormatEpochToLocal.ts","statementMap":{"0":{"start":{"line":1,"column":25},"end":{"line":25,"column":1}},"1":{"start":{"line":2,"column":16},"end":{"line":2,"column":74}},"2":{"start":{"line":3,"column":17},"end":{"line":3,"column":35}},"3":{"start":{"line":5,"column":2},"end":{"line":7,"column":3}},"4":{"start":{"line":6,"column":4},"end":{"line":6,"column":43}},"5":{"start":{"line":8,"column":2},"end":{"line":8,"column":31}},"6":{"start":{"line":9,"column":2},"end":{"line":11,"column":3}},"7":{"start":{"line":10,"column":4},"end":{"line":10,"column":44}},"8":{"start":{"line":12,"column":2},"end":{"line":12,"column":29}},"9":{"start":{"line":13,"column":2},"end":{"line":15,"column":3}},"10":{"start":{"line":14,"column":4},"end":{"line":14,"column":42}},"11":{"start":{"line":16,"column":2},"end":{"line":16,"column":28}},"12":{"start":{"line":17,"column":2},"end":{"line":19,"column":3}},"13":{"start":{"line":18,"column":4},"end":{"line":18,"column":43}},"14":{"start":{"line":20,"column":2},"end":{"line":20,"column":26}},"15":{"start":{"line":21,"column":2},"end":{"line":23,"column":3}},"16":{"start":{"line":22,"column":4},"end":{"line":22,"column":45}},"17":{"start":{"line":24,"column":2},"end":{"line":24,"column":42}},"18":{"start":{"line":27,"column":41},"end":{"line":39,"column":1}},"19":{"start":{"line":28,"column":15},"end":{"line":28,"column":35}},"20":{"start":{"line":29,"column":22},"end":{"line":36,"column":17}},"21":{"start":{"line":38,"column":2},"end":{"line":38,"column":51}}},"fnMap":{"0":{"name":"(anonymous_0)","decl":{"start":{"line":1,"column":25},"end":{"line":1,"column":26}},"loc":{"start":{"line":1,"column":41},"end":{"line":25,"column":1}},"line":1},"1":{"name":"(anonymous_1)","decl":{"start":{"line":27,"column":41},"end":{"line":27,"column":42}},"loc":{"start":{"line":27,"column":58},"end":{"line":39,"column":1}},"line":27}},"branchMap":{"0":{"loc":{"start":{"line":5,"column":2},"end":{"line":7,"column":3}},"type":"if","locations":[{"start":{"line":5,"column":2},"end":{"line":7,"column":3}},{"start":{},"end":{}}],"line":5},"1":{"loc":{"start":{"line":9,"column":2},"end":{"line":11,"column":3}},"type":"if","locations":[{"start":{"line":9,"column":2},"end":{"line":11,"column":3}},{"start":{},"end":{}}],"line":9},"2":{"loc":{"start":{"line":13,"column":2},"end":{"line":15,"column":3}},"type":"if","locations":[{"start":{"line":13,"column":2},"end":{"line":15,"column":3}},{"start":{},"end":{}}],"line":13},"3":{"loc":{"start":{"line":17,"column":2},"end":{"line":19,"column":3}},"type":"if","locations":[{"start":{"line":17,"column":2},"end":{"line":19,"column":3}},{"start":{},"end":{}}],"line":17},"4":{"loc":{"start":{"line":21,"column":2},"end":{"line":23,"column":3}},"type":"if","locations":[{"start":{"line":21,"column":2},"end":{"line":23,"column":3}},{"start":{},"end":{}}],"line":21}},"s":{"0":2,"1":9,"2":9,"3":9,"4":3,"5":6,"6":6,"7":1,"8":5,"9":5,"10":2,"11":3,"12":3,"13":1,"14":2,"15":2,"16":1,"17":1,"18":2,"19":3,"20":3,"21":3},"f":{"0":9,"1":3},"b":{"0":[3,6],"1":[1,5],"2":[2,3],"3":[1,2],"4":[1,1]},"_coverageSchema":"1a1c01bbd47fc00a2c39e90264f33305004495a9","hash":"3bd05cf9878afd223cbf0d0f012acc8982b11ba8"}
,"D:\\Programacion\\Proyecto React\\Reddit\\src\\presentation\\utils\\firstLetter.ts": {"path":"D:\\Programacion\\Proyecto React\\Reddit\\src\\presentation\\utils\\firstLetter.ts","statementMap":{"0":{"start":{"line":1,"column":27},"end":{"line":1,"column":63}},"1":{"start":{"line":1,"column":47},"end":{"line":1,"column":63}}},"fnMap":{"0":{"name":"(anonymous_0)","decl":{"start":{"line":1,"column":27},"end":{"line":1,"column":28}},"loc":{"start":{"line":1,"column":47},"end":{"line":1,"column":63}},"line":1}},"branchMap":{},"s":{"0":2,"1":3},"f":{"0":3},"b":{},"_coverageSchema":"1a1c01bbd47fc00a2c39e90264f33305004495a9","hash":"8d2951d6eb1b5ecaf453396b678d047339396832"}
}
