TN:
SF:src\adapters\createAddaptedPublication.ts
FN:6,(anonymous_0)
FNF:1
FNH:1
FNDA:1,(anonymous_0)
DA:6,1
DA:7,1
DA:17,1
LF:3
LH:3
BRF:0
BRH:0
end_of_record
TN:
SF:src\presentation\components\cards\CardPublication.tsx
FN:8,(anonymous_0)
FN:9,(anonymous_1)
FNF:2
FNH:2
FNDA:2,(anonymous_0)
FNDA:1,(anonymous_1)
DA:8,1
DA:9,2
DA:10,1
DA:12,2
LF:4
LH:4
BRF:0
BRH:0
end_of_record
TN:
SF:src\presentation\components\headers\HeaderMain.tsx
FN:5,(anonymous_0)
FNF:1
FNH:1
FNDA:1,(anonymous_0)
DA:5,1
DA:6,1
LF:2
LH:2
BRF:0
BRH:0
end_of_record
TN:
SF:src\presentation\components\loaders\Loading.tsx
FN:5,(anonymous_0)
FNF:1
FNH:1
FNDA:1,(anonymous_0)
DA:5,1
DA:6,1
LF:2
LH:2
BRF:0
BRH:0
end_of_record
TN:
SF:src\presentation\global\global.ts
FNF:0
FNH:0
DA:1,3
DA:3,3
LF:2
LH:2
BRF:0
BRH:0
end_of_record
TN:
SF:src\presentation\screens\details\WebViewScreen.tsx
FN:4,(anonymous_0)
FNF:1
FNH:1
FNDA:1,(anonymous_0)
DA:4,1
DA:5,1
DA:6,1
LF:3
LH:3
BRF:0
BRH:0
end_of_record
TN:
SF:src\presentation\utils\convertFormatEpochToLocal.ts
FN:1,(anonymous_0)
FN:27,(anonymous_1)
FNF:2
FNH:2
FNDA:9,(anonymous_0)
FNDA:3,(anonymous_1)
DA:1,2
DA:2,9
DA:3,9
DA:5,9
DA:6,3
DA:8,6
DA:9,6
DA:10,1
DA:12,5
DA:13,5
DA:14,2
DA:16,3
DA:17,3
DA:18,1
DA:20,2
DA:21,2
DA:22,1
DA:24,1
DA:27,2
DA:28,3
DA:29,3
DA:38,3
LF:22
LH:22
BRDA:5,0,0,3
BRDA:5,0,1,6
BRDA:9,1,0,1
BRDA:9,1,1,5
BRDA:13,2,0,2
BRDA:13,2,1,3
BRDA:17,3,0,1
BRDA:17,3,1,2
BRDA:21,4,0,1
BRDA:21,4,1,1
BRF:10
BRH:10
end_of_record
TN:
SF:src\presentation\utils\firstLetter.ts
FN:1,(anonymous_0)
FNF:1
FNH:1
FNDA:3,(anonymous_0)
DA:1,3
LF:1
LH:1
BRF:0
BRH:0
end_of_record
